<?xml version="1.0" encoding="UTF-8"?>
<!-- Generated by org.testng.reporters.JUnitXMLReporter -->
<testsuite ignored="0" hostname="Lenovo-PC" failures="0" tests="3" name="Default test" time="53.041" errors="0" timestamp="11 Jun 2019 06:11:53 GMT">
  <testcase classname="com.qa.testcases.SignInPageTest" name="verifysigninTitleTest" time="0.028"/>
  <testcase classname="com.qa.testcases.SignInPageTest" name="verifySignInUrlTest" time="0.023"/>
  <testcase classname="com.qa.testcases.SignInPageTest" name="signInTest" time="1.682"/>
</testsuite> <!-- Default test -->
