<?xml version="1.0" encoding="UTF-8"?>
<testng-results ignored="0" total="4" passed="2" failed="2" skipped="0">
  <reporter-output>
  </reporter-output>
  <suite started-at="2019-06-11T07:29:09Z" name="Complete Automation Practice Suite" finished-at="2019-06-11T07:30:37Z" duration-ms="87826">
    <groups>
    </groups>
    <test started-at="2019-06-11T07:29:09Z" name="automationpractice test cases" finished-at="2019-06-11T07:30:37Z" duration-ms="87826">
      <class name="com.qa.testcases.SignInPageTest">
        <test-method is-config="true" signature="setUp()[pri:0, instance:com.qa.testcases.SignInPageTest@6a01e23]" started-at="2019-06-11T07:29:55Z" name="setUp" finished-at="2019-06-11T07:30:16Z" duration-ms="20714" status="PASS">
          <reporter-output>
          </reporter-output>
        </test-method> <!-- setUp -->
        <test-method signature="verifysigninTitleTest()[pri:1, instance:com.qa.testcases.SignInPageTest@6a01e23]" started-at="2019-06-11T07:30:16Z" name="verifysigninTitleTest" finished-at="2019-06-11T07:30:16Z" duration-ms="16" status="PASS">
          <reporter-output>
          </reporter-output>
        </test-method> <!-- verifysigninTitleTest -->
        <test-method is-config="true" signature="tearDown()[pri:0, instance:com.qa.testcases.SignInPageTest@6a01e23]" started-at="2019-06-11T07:30:16Z" name="tearDown" finished-at="2019-06-11T07:30:17Z" duration-ms="874" status="PASS">
          <reporter-output>
          </reporter-output>
        </test-method> <!-- tearDown -->
      </class> <!-- com.qa.testcases.SignInPageTest -->
      <class name="com.qa.testcases.CreateNewAccountPageTest">
        <test-method is-config="true" signature="setUp()[pri:0, instance:com.qa.testcases.CreateNewAccountPageTest@6293abcc]" started-at="2019-06-11T07:29:09Z" name="setUp" finished-at="2019-06-11T07:29:30Z" duration-ms="20642" status="PASS">
          <reporter-output>
          </reporter-output>
        </test-method> <!-- setUp -->
        <test-method signature="createnewAccount(java.lang.String, java.lang.String, java.lang.String, java.lang.String, java.lang.String, java.lang.String, java.lang.String, java.lang.String, java.lang.String)[pri:0, instance:com.qa.testcases.CreateNewAccountPageTest@6293abcc]" started-at="2019-06-11T07:29:30Z" name="createnewAccount" data-provider="getHybridTestData" finished-at="2019-06-11T07:29:31Z" duration-ms="1511" status="FAIL">
          <params>
            <param index="0">
              <value>
                <![CDATA[John]]>
              </value>
            </param>
            <param index="1">
              <value>
                <![CDATA[Smith]]>
              </value>
            </param>
            <param index="2">
              <value>
                <![CDATA[jonny]]>
              </value>
            </param>
            <param index="3">
              <value>
                <![CDATA[Capitol Dr]]>
              </value>
            </param>
            <param index="4">
              <value>
                <![CDATA[Detroit]]>
              </value>
            </param>
            <param index="5">
              <value>
                <![CDATA[Michigan]]>
              </value>
            </param>
            <param index="6">
              <value>
                <![CDATA[30032.0]]>
              </value>
            </param>
            <param index="7">
              <value>
                <![CDATA[7.735300548E9]]>
              </value>
            </param>
            <param index="8">
              <value>
                <![CDATA[Adam St]]>
              </value>
            </param>
          </params>
          <exception class="java.lang.NullPointerException">
            <full-stacktrace>
              <![CDATA[java.lang.NullPointerException
at com.qa.testcases.CreateNewAccountPageTest.createnewAccount(CreateNewAccountPageTest.java:44)
at java.base/jdk.internal.reflect.NativeMethodAccessorImpl.invoke0(Native Method)
at java.base/jdk.internal.reflect.NativeMethodAccessorImpl.invoke(NativeMethodAccessorImpl.java:62)
at java.base/jdk.internal.reflect.DelegatingMethodAccessorImpl.invoke(DelegatingMethodAccessorImpl.java:43)
at java.base/java.lang.reflect.Method.invoke(Method.java:567)
at org.testng.internal.MethodInvocationHelper.invokeMethod(MethodInvocationHelper.java:124)
at org.testng.internal.Invoker.invokeMethod(Invoker.java:583)
at org.testng.internal.Invoker.invokeTestMethod(Invoker.java:719)
at org.testng.internal.Invoker.invokeTestMethods(Invoker.java:989)
at org.testng.internal.TestMethodWorker.invokeTestMethods(TestMethodWorker.java:125)
at org.testng.internal.TestMethodWorker.run(TestMethodWorker.java:109)
at org.testng.TestRunner.privateRun(TestRunner.java:648)
at org.testng.TestRunner.run(TestRunner.java:505)
at org.testng.SuiteRunner.runTest(SuiteRunner.java:455)
at org.testng.SuiteRunner.runSequentially(SuiteRunner.java:450)
at org.testng.SuiteRunner.privateRun(SuiteRunner.java:415)
at org.testng.SuiteRunner.run(SuiteRunner.java:364)
at org.testng.SuiteRunnerWorker.runSuite(SuiteRunnerWorker.java:52)
at org.testng.SuiteRunnerWorker.run(SuiteRunnerWorker.java:84)
at org.testng.TestNG.runSuitesSequentially(TestNG.java:1208)
at org.testng.TestNG.runSuitesLocally(TestNG.java:1137)
at org.testng.TestNG.runSuites(TestNG.java:1049)
at org.testng.TestNG.run(TestNG.java:1017)
at org.testng.remote.AbstractRemoteTestNG.run(AbstractRemoteTestNG.java:115)
at org.testng.remote.RemoteTestNG.initAndRun(RemoteTestNG.java:251)
at org.testng.remote.RemoteTestNG.main(RemoteTestNG.java:77)
]]>
            </full-stacktrace>
          </exception> <!-- java.lang.NullPointerException -->
          <reporter-output>
          </reporter-output>
        </test-method> <!-- createnewAccount -->
        <test-method is-config="true" signature="tearDown()[pri:0, instance:com.qa.testcases.CreateNewAccountPageTest@6293abcc]" started-at="2019-06-11T07:29:31Z" name="tearDown" finished-at="2019-06-11T07:29:31Z" duration-ms="0" status="PASS">
          <reporter-output>
          </reporter-output>
        </test-method> <!-- tearDown -->
        <test-method is-config="true" signature="setUp()[pri:0, instance:com.qa.testcases.CreateNewAccountPageTest@6293abcc]" started-at="2019-06-11T07:29:31Z" name="setUp" finished-at="2019-06-11T07:29:54Z" duration-ms="22389" status="PASS">
          <reporter-output>
          </reporter-output>
        </test-method> <!-- setUp -->
        <test-method signature="createnewAccount(java.lang.String, java.lang.String, java.lang.String, java.lang.String, java.lang.String, java.lang.String, java.lang.String, java.lang.String, java.lang.String)[pri:0, instance:com.qa.testcases.CreateNewAccountPageTest@6293abcc]" started-at="2019-06-11T07:29:54Z" name="createnewAccount" data-provider="getHybridTestData" finished-at="2019-06-11T07:29:55Z" duration-ms="1558" status="FAIL">
          <params>
            <param index="0">
              <value>
                <![CDATA[Mike]]>
              </value>
            </param>
            <param index="1">
              <value>
                <![CDATA[Carter]]>
              </value>
            </param>
            <param index="2">
              <value>
                <![CDATA[nikki]]>
              </value>
            </param>
            <param index="3">
              <value>
                <![CDATA[Madison St]]>
              </value>
            </param>
            <param index="4">
              <value>
                <![CDATA[Las Vegas]]>
              </value>
            </param>
            <param index="5">
              <value>
                <![CDATA[Nevada]]>
              </value>
            </param>
            <param index="6">
              <value>
                <![CDATA[40032.0]]>
              </value>
            </param>
            <param index="7">
              <value>
                <![CDATA[8.472346677E9]]>
              </value>
            </param>
            <param index="8">
              <value>
                <![CDATA[Jackson St]]>
              </value>
            </param>
          </params>
          <exception class="java.lang.NullPointerException">
            <full-stacktrace>
              <![CDATA[java.lang.NullPointerException
at com.qa.testcases.CreateNewAccountPageTest.createnewAccount(CreateNewAccountPageTest.java:44)
at java.base/jdk.internal.reflect.NativeMethodAccessorImpl.invoke0(Native Method)
at java.base/jdk.internal.reflect.NativeMethodAccessorImpl.invoke(NativeMethodAccessorImpl.java:62)
at java.base/jdk.internal.reflect.DelegatingMethodAccessorImpl.invoke(DelegatingMethodAccessorImpl.java:43)
at java.base/java.lang.reflect.Method.invoke(Method.java:567)
at org.testng.internal.MethodInvocationHelper.invokeMethod(MethodInvocationHelper.java:124)
at org.testng.internal.Invoker.invokeMethod(Invoker.java:583)
at org.testng.internal.Invoker.invokeTestMethod(Invoker.java:719)
at org.testng.internal.Invoker.invokeTestMethods(Invoker.java:989)
at org.testng.internal.TestMethodWorker.invokeTestMethods(TestMethodWorker.java:125)
at org.testng.internal.TestMethodWorker.run(TestMethodWorker.java:109)
at org.testng.TestRunner.privateRun(TestRunner.java:648)
at org.testng.TestRunner.run(TestRunner.java:505)
at org.testng.SuiteRunner.runTest(SuiteRunner.java:455)
at org.testng.SuiteRunner.runSequentially(SuiteRunner.java:450)
at org.testng.SuiteRunner.privateRun(SuiteRunner.java:415)
at org.testng.SuiteRunner.run(SuiteRunner.java:364)
at org.testng.SuiteRunnerWorker.runSuite(SuiteRunnerWorker.java:52)
at org.testng.SuiteRunnerWorker.run(SuiteRunnerWorker.java:84)
at org.testng.TestNG.runSuitesSequentially(TestNG.java:1208)
at org.testng.TestNG.runSuitesLocally(TestNG.java:1137)
at org.testng.TestNG.runSuites(TestNG.java:1049)
at org.testng.TestNG.run(TestNG.java:1017)
at org.testng.remote.AbstractRemoteTestNG.run(AbstractRemoteTestNG.java:115)
at org.testng.remote.RemoteTestNG.initAndRun(RemoteTestNG.java:251)
at org.testng.remote.RemoteTestNG.main(RemoteTestNG.java:77)
]]>
            </full-stacktrace>
          </exception> <!-- java.lang.NullPointerException -->
          <reporter-output>
          </reporter-output>
        </test-method> <!-- createnewAccount -->
        <test-method is-config="true" signature="tearDown()[pri:0, instance:com.qa.testcases.CreateNewAccountPageTest@6293abcc]" started-at="2019-06-11T07:29:55Z" name="tearDown" finished-at="2019-06-11T07:29:55Z" duration-ms="0" status="PASS">
          <reporter-output>
          </reporter-output>
        </test-method> <!-- tearDown -->
      </class> <!-- com.qa.testcases.CreateNewAccountPageTest -->
      <class name="com.qa.testcases.WomenPageTest">
        <test-method is-config="true" signature="setUp()[pri:0, instance:com.qa.testcases.WomenPageTest@5a955565]" started-at="2019-06-11T07:30:17Z" name="setUp" finished-at="2019-06-11T07:30:36Z" duration-ms="18691" status="PASS">
          <reporter-output>
          </reporter-output>
        </test-method> <!-- setUp -->
        <test-method signature="verifyWomenlabe()[pri:1, instance:com.qa.testcases.WomenPageTest@5a955565]" started-at="2019-06-11T07:30:36Z" name="verifyWomenlabe" finished-at="2019-06-11T07:30:36Z" duration-ms="88" status="PASS">
          <reporter-output>
          </reporter-output>
        </test-method> <!-- verifyWomenlabe -->
        <test-method is-config="true" signature="tearDown()[pri:0, instance:com.qa.testcases.WomenPageTest@5a955565]" started-at="2019-06-11T07:30:36Z" name="tearDown" finished-at="2019-06-11T07:30:37Z" duration-ms="984" status="PASS">
          <reporter-output>
          </reporter-output>
        </test-method> <!-- tearDown -->
      </class> <!-- com.qa.testcases.WomenPageTest -->
    </test> <!-- automationpractice test cases -->
  </suite> <!-- Complete Automation Practice Suite -->
</testng-results>
